[2026-03-15 22:30:30] ==================================================
[2026-03-15 22:30:30] 开始学习任务
[2026-03-15 22:30:30] 处理领域: AI_Agents (优先级: high)
[2026-03-15 22:30:30] 发现领域: AI_Agents
[2026-03-15 22:30:30]   搜索关键词: multi-agent systems
[2026-03-15 22:30:41]   搜索关键词: agent orchestration
[2026-03-15 22:31:08]   搜索关键词: AI agent frameworks
[2026-03-15 22:31:09] 处理领域: System_Architecture (优先级: medium)
[2026-03-15 22:31:09] 发现领域: System_Architecture
[2026-03-15 22:31:09]   搜索关键词: distributed systems
[2026-03-15 22:31:13]   搜索关键词: microservices patterns
[2026-03-15 22:31:14]   搜索关键词: system design
[2026-03-15 22:31:15] 处理领域: Database (优先级: medium)
[2026-03-15 22:31:15] 发现领域: Database
[2026-03-15 22:31:15]   搜索关键词: PostgreSQL
[2026-03-15 22:31:17]   搜索关键词: database optimization
[2026-03-15 22:31:18]   搜索关键词: data modeling
[2026-03-15 22:31:21] 处理领域: DevOps (优先级: low)
[2026-03-15 22:31:21] 发现领域: DevOps
[2026-03-15 22:31:21]   搜索关键词: container orchestration
[2026-03-15 22:31:22]   搜索关键词: CI/CD
[2026-03-15 22:31:23]   搜索关键词: infrastructure as code
